  Building Custom Rule C:/Users/hanbo/Desktop/CODE_BASE/CMakeLists.txt
  CMake does not need to re-run because C:/Users/hanbo/Desktop/CODE_BASE/build/CMakeFiles/generate.stamp is up-to-date.
  ai_algorithms.cpp
  audio_handler.cpp
  error_handler.cpp
  camera.cpp
  character.cpp
  drawable.cpp
  scenetitle_handler.cpp
c:\users\hanbo\desktop\code_base\src\scene\character.h(3): fatal error C1083: Cannot open include file: 'globals.h': No such file or directory (compiling source file ..\src\scene\character.cpp)
  scene_object.cpp
c:\users\hanbo\desktop\code_base\src\scene\camera.h(3): fatal error C1083: Cannot open include file: 'globals.h': No such file or directory (compiling source file ..\src\scene\camera.cpp)
  constraints.cpp
c:\users\hanbo\desktop\code_base\src\scene\scenetitle_handler.h(3): fatal error C1083: Cannot open include file: 'globals.h': No such file or directory (compiling source file ..\src\scene\scenetitle_handler.cpp)
  data.cpp
  pbd_handler.cpp
  scene.cpp
  timer.cpp
c:\users\hanbo\desktop\code_base\src\scene\scene.h(3): fatal error C1083: Cannot open include file: 'globals.h': No such file or directory (compiling source file ..\src\scene\scene.cpp)
  default_program.cpp
  shader_program.cpp
c:\users\hanbo\desktop\code_base\src\scene\timer.h(3): fatal error C1083: Cannot open include file: 'globals.h': No such file or directory (compiling source file ..\src\scene\timer.cpp)
  simple_program.cpp
c:\users\hanbo\desktop\code_base\src\shader_programs\default_program.h(3): fatal error C1083: Cannot open include file: 'globals.h': No such file or directory (compiling source file ..\src\shader_programs\default_program.cpp)
c:\users\hanbo\desktop\code_base\src\scene\drawable.h(6): fatal error C1083: Cannot open include file: 'globals.h': No such file or directory (compiling source file ..\src\scene\drawable.cpp)
  text_handler.cpp
c:\users\hanbo\desktop\code_base\src\scene\drawable.h(6): fatal error C1083: Cannot open include file: 'globals.h': No such file or directory (compiling source file ..\src\scene\scene_object.cpp)
  my_window.cpp
c:\users\hanbo\desktop\code_base\src\shader_programs\simple_program.h(3): fatal error C1083: Cannot open include file: 'globals.h': No such file or directory (compiling source file ..\src\shader_programs\simple_program.cpp)
  jsonreader.cpp
  tiny_obj_loader.cc
  main.cpp
c:\users\hanbo\desktop\code_base\src\shader_programs\shader_program.h(4): fatal error C1083: Cannot open include file: 'SOIL.h': No such file or directory (compiling source file ..\src\shader_programs\shader_program.cpp)
c:\users\hanbo\desktop\code_base\src\shader_programs\shader_program.h(4): fatal error C1083: Cannot open include file: 'SOIL.h': No such file or directory (compiling source file C:\Users\hanbo\Desktop\CODE_BASE\src\main.cpp)
c:\users\hanbo\desktop\code_base\src\my_window.cpp(21): warning C4722: 'MyWindow::~MyWindow': destructor never returns, potential memory leak
